<?xml version="1.0" encoding="UTF-8"?>
<!-- Generated by org.testng.reporters.JUnitXMLReporter -->
<testsuite hostname="DESKTOP-JRH31QL" name="Test" tests="16" failures="0" timestamp="22 Jul 2019 04:30:49 GMT" time="261.084" errors="0">
  <testcase name="newDealCreateTest" time="2.394" classname="com.crm.qa.testcases.NewDealPageTest"/>
  <testcase name="newDealCreateTest" time="2.485" classname="com.crm.qa.testcases.NewDealPageTest"/>
  <testcase name="newDealCreateTest" time="3.003" classname="com.crm.qa.testcases.NewDealPageTest"/>
  <testcase name="newContactsCreateTest" time="2.762" classname="com.crm.qa.testcases.NewContactPageTest"/>
  <testcase name="newContactsCreateTest" time="2.902" classname="com.crm.qa.testcases.NewContactPageTest"/>
  <testcase name="verifyClickContactTest" time="1.628" classname="com.crm.qa.testcases.InitialHomePageTest"/>
  <testcase name="verifyHomePageTitleTest" time="0.016" classname="com.crm.qa.testcases.InitialHomePageTest"/>
  <testcase name="verifyUserNameTest" time="0.2" classname="com.crm.qa.testcases.InitialHomePageTest"/>
  <testcase name="loginTest" time="4.602" classname="com.crm.qa.testcases.LoginPageTest"/>
  <testcase name="loginPageTitleTest" time="0.011" classname="com.crm.qa.testcases.LoginPageTest"/>
  <testcase name="crmLogoImageTest" time="0.077" classname="com.crm.qa.testcases.LoginPageTest"/>
  <testcase name="verifyContactLabelTest" time="0.045" classname="com.crm.qa.testcases.ContactsPageTest"/>
  <testcase name="selectSingleContactsTest" time="0.135" classname="com.crm.qa.testcases.ContactsPageTest"/>
  <testcase name="selectMultipleContactsTest" time="0.243" classname="com.crm.qa.testcases.ContactsPageTest"/>
  <testcase name="validateContactClickTest" time="1.813" classname="com.crm.qa.testcases.HomePageTest"/>
  <testcase name="validateNewContactClickTest" time="1.886" classname="com.crm.qa.testcases.HomePageTest"/>
</testsuite> <!-- Test -->
