<?xml version="1.0" encoding="UTF-8"?>
<testng-results ignored="0" total="1" passed="1" failed="0" skipped="0">
  <reporter-output>
  </reporter-output>
  <suite started-at="2022-09-11T12:24:04 IST" name="Default suite" finished-at="2022-09-11T12:25:02 IST" duration-ms="58483">
    <groups>
    </groups>
    <test started-at="2022-09-11T12:24:04 IST" name="Default test" finished-at="2022-09-11T12:25:02 IST" duration-ms="58483">
      <class name="ImpJavaProgram.ImpJavaProgram.selenium.WebDriverManager">
        <test-method is-config="true" signature="setup()[pri:0, instance:ImpJavaProgram.ImpJavaProgram.selenium.WebDriverManager@6babf3bf]" started-at="2022-09-11T12:24:04 IST" name="setup" finished-at="2022-09-11T12:24:45 IST" duration-ms="41231" status="PASS">
          <reporter-output>
          </reporter-output>
        </test-method> <!-- setup -->
        <test-method signature="amazonTest()[pri:0, instance:ImpJavaProgram.ImpJavaProgram.selenium.WebDriverManager@6babf3bf]" started-at="2022-09-11T12:24:45 IST" name="amazonTest" finished-at="2022-09-11T12:25:02 IST" duration-ms="17191" status="PASS">
          <reporter-output>
          </reporter-output>
        </test-method> <!-- amazonTest -->
        <test-method is-config="true" signature="tearDown()[pri:0, instance:ImpJavaProgram.ImpJavaProgram.selenium.WebDriverManager@6babf3bf]" started-at="2022-09-11T12:25:02 IST" name="tearDown" finished-at="2022-09-11T12:25:02 IST" duration-ms="2" status="PASS">
          <reporter-output>
          </reporter-output>
        </test-method> <!-- tearDown -->
      </class> <!-- ImpJavaProgram.ImpJavaProgram.selenium.WebDriverManager -->
    </test> <!-- Default test -->
  </suite> <!-- Default suite -->
</testng-results>
