<?xml version="1.0" encoding="UTF-8"?>
<testng-results ignored="0" total="1" passed="1" failed="0" skipped="0">
  <reporter-output>
  </reporter-output>
  <suite started-at="2021-12-20T10:16:45 IST" name="Default suite" finished-at="2021-12-20T10:17:01 IST" duration-ms="15400">
    <groups>
    </groups>
    <test started-at="2021-12-20T10:16:45 IST" name="Default test" finished-at="2021-12-20T10:17:01 IST" duration-ms="15400">
      <class name="com.selenium.E2EProjrct.LaunchChromeTest">
        <test-method signature="launchChrome()[pri:0, instance:com.selenium.E2EProjrct.LaunchChromeTest@22e357dc]" started-at="2021-12-20T10:16:45 IST" name="launchChrome" finished-at="2021-12-20T10:17:01 IST" duration-ms="15351" status="PASS">
          <reporter-output>
          </reporter-output>
        </test-method> <!-- launchChrome -->
      </class> <!-- com.selenium.E2EProjrct.LaunchChromeTest -->
    </test> <!-- Default test -->
  </suite> <!-- Default suite -->
</testng-results>
