<?xml version="1.0" encoding="UTF-8"?>
<!-- Generated by org.testng.reporters.JUnitXMLReporter -->
<testsuite hostname="DESKTOP-JRH31QL" ignored="0" name="Free CRM App Test Cases" tests="9" failures="0" timestamp="24 Apr 2020 01:08:43 GMT" time="173.075" errors="0">
  <testcase name="loginPageTitleTest" time="0.031" classname="com.crm.qa.testcases.LoginPageTest"/>
  <testcase name="verifyContactsPageLevelTest" time="0.187" classname="com.crm.qa.testcases.ContactsPageTest"/>
  <testcase name="verifyHomePageTitleTest" time="0.016" classname="com.crm.qa.testcases.HomePageTest"/>
  <testcase name="crmLogoImageTest" time="0.067" classname="com.crm.qa.testcases.LoginPageTest"/>
  <testcase name="selectSingleContactsTest" time="0.234" classname="com.crm.qa.testcases.ContactsPageTest"/>
  <testcase name="verifyUserNameTest" time="0.154" classname="com.crm.qa.testcases.HomePageTest"/>
  <testcase name="loginTest" time="7.988" classname="com.crm.qa.testcases.LoginPageTest"/>
  <testcase name="selectMultipleeContactsTest" time="0.226" classname="com.crm.qa.testcases.ContactsPageTest"/>
  <testcase name="verifyContactcLinkTest" time="2.381" classname="com.crm.qa.testcases.HomePageTest"/>
</testsuite> <!-- Free CRM App Test Cases -->
