<?xml version="1.0" encoding="UTF-8"?>
<testng-results ignored="0" total="2" passed="2" failed="0" skipped="0">
  <reporter-output>
  </reporter-output>
  <suite started-at="2022-09-25T19:30:52 IST" name="Default suite" finished-at="2022-09-25T19:31:14 IST" duration-ms="21137">
    <groups>
    </groups>
    <test started-at="2022-09-25T19:30:52 IST" name="Default test" finished-at="2022-09-25T19:31:14 IST" duration-ms="21137">
      <class name="spack.test.Login">
        <test-method signature="verifyLoginWithInvalidCred()[pri:0, instance:spack.test.Login@63376bed]" started-at="2022-09-25T19:30:53 IST" name="verifyLoginWithInvalidCred" finished-at="2022-09-25T19:31:03 IST" duration-ms="10661" status="PASS">
          <reporter-output>
          </reporter-output>
        </test-method> <!-- verifyLoginWithInvalidCred -->
        <test-method signature="verifyLoginWithValidCred()[pri:0, instance:spack.test.Login@63376bed]" started-at="2022-09-25T19:31:03 IST" name="verifyLoginWithValidCred" finished-at="2022-09-25T19:31:14 IST" duration-ms="10386" status="PASS">
          <reporter-output>
          </reporter-output>
        </test-method> <!-- verifyLoginWithValidCred -->
      </class> <!-- spack.test.Login -->
    </test> <!-- Default test -->
  </suite> <!-- Default suite -->
</testng-results>
