<?xml version="1.0" encoding="UTF-8"?>
<!-- Generated by org.testng.reporters.JUnitXMLReporter -->
<testsuite hostname="DESKTOP-JRH31QL" name="Free CRM App Test Cases" tests="8" failures="0" timestamp="21 Jul 2019 10:55:47 GMT" time="121.132" errors="0">
  <testcase name="loginTest" time="5.228" classname="com.crm.qa.testcases.LoginPageTest"/>
  <testcase name="loginPageTitleTest" time="0.046" classname="com.crm.qa.testcases.LoginPageTest"/>
  <testcase name="crmLogoImageTest" time="0.131" classname="com.crm.qa.testcases.LoginPageTest"/>
  <testcase name="verifyClickContactTest" time="1.514" classname="com.crm.qa.testcases.InitialHomePageTest"/>
  <testcase name="verifyHomePageTitleTest" time="0.009" classname="com.crm.qa.testcases.InitialHomePageTest"/>
  <testcase name="verifyUserNameTest" time="0.137" classname="com.crm.qa.testcases.InitialHomePageTest"/>
  <testcase name="validateContactClickTest" time="2.254" classname="com.crm.qa.testcases.HomePageTest"/>
  <testcase name="validateNewContactClickTest" time="2.934" classname="com.crm.qa.testcases.HomePageTest"/>
</testsuite> <!-- Free CRM App Test Cases -->
