<?xml version="1.0" encoding="UTF-8"?>
<!-- Generated by org.testng.reporters.JUnitXMLReporter -->
<testsuite hostname="DESKTOP-JRH31QL" name="Free CRM Sanity Test Case" tests="6" failures="0" timestamp="22 Jul 2019 03:57:45 GMT" time="87.165" errors="0">
  <testcase name="loginTest" time="4.998" classname="com.crm.qa.testcases.LoginPageTest"/>
  <testcase name="loginPageTitleTest" time="0.022" classname="com.crm.qa.testcases.LoginPageTest"/>
  <testcase name="crmLogoImageTest" time="0.154" classname="com.crm.qa.testcases.LoginPageTest"/>
  <testcase name="verifyClickContactTest" time="1.406" classname="com.crm.qa.testcases.InitialHomePageTest"/>
  <testcase name="verifyHomePageTitleTest" time="0.027" classname="com.crm.qa.testcases.InitialHomePageTest"/>
  <testcase name="verifyUserNameTest" time="0.242" classname="com.crm.qa.testcases.InitialHomePageTest"/>
</testsuite> <!-- Free CRM Sanity Test Case -->
