<?xml version="1.0" encoding="UTF-8"?>
<testng-results skipped="3" failed="0" total="3" passed="0">
  <reporter-output>
  </reporter-output>
  <suite name="Default suite" duration-ms="10056" started-at="2020-07-31T07:30:08Z" finished-at="2020-07-31T07:30:18Z">
    <groups>
    </groups>
    <test name="Default test" duration-ms="10056" started-at="2020-07-31T07:30:08Z" finished-at="2020-07-31T07:30:18Z">
      <class name="com.crm.qa.testcases.LoginPageTest">
        <test-method status="FAIL" signature="launchURL()[pri:0, instance:com.crm.qa.testcases.LoginPageTest@42d80b78]" name="launchURL" is-config="true" duration-ms="0" started-at="2020-07-31T13:00:12Z" finished-at="2020-07-31T13:00:12Z">
          <exception class="org.openqa.selenium.SessionNotCreatedException">
            <message>
              <![CDATA[session not created: This version of ChromeDriver only supports Chrome version 81
Build info: version: '3.14.0', revision: 'aacccce0', time: '2018-08-02T20:19:58.91Z'
System info: host: 'DESKTOP-JRH31QL', ip: '192.168.1.6', os.name: 'Windows 10', os.arch: 'amd64', os.version: '10.0', java.version: '1.8.0_191'
Driver info: driver.version: ChromeDriver
remote stacktrace: Backtrace:
	Ordinal0 [0x00F65F73+2449267]
	Ordinal0 [0x00E98361+1606497]
	Ordinal0 [0x00D8F969+522601]
	Ordinal0 [0x00D205F3+67059]
	Ordinal0 [0x00D1CD92+52626]
	Ordinal0 [0x00D3C127+180519]
	Ordinal0 [0x00D3BF2D+180013]
	Ordinal0 [0x00D39E5B+171611]
	Ordinal0 [0x00D21DD8+73176]
	Ordinal0 [0x00D22E50+77392]
	Ordinal0 [0x00D22DE9+77289]
	Ordinal0 [0x00EAD8D7+1693911]
	GetHandleVerifier [0x01004036+522726]
	GetHandleVerifier [0x01003D74+522020]
	GetHandleVerifier [0x01019187+609079]
	GetHandleVerifier [0x010048A6+524886]
	Ordinal0 [0x00EA5CBC+1662140]
	Ordinal0 [0x00EAF23B+1700411]
	Ordinal0 [0x00EAF3A3+1700771]
	Ordinal0 [0x00EC5215+1790485]
	BaseThreadInitThunk [0x76126359+25]
	RtlGetAppContainerNamedObjectPath [0x77297C24+228]
	RtlGetAppContainerNamedObjectPath [0x77297BF4+180]
]]>
            </message>
            <full-stacktrace>
              <![CDATA[org.openqa.selenium.SessionNotCreatedException: session not created: This version of ChromeDriver only supports Chrome version 81
Build info: version: '3.14.0', revision: 'aacccce0', time: '2018-08-02T20:19:58.91Z'
System info: host: 'DESKTOP-JRH31QL', ip: '192.168.1.6', os.name: 'Windows 10', os.arch: 'amd64', os.version: '10.0', java.version: '1.8.0_191'
Driver info: driver.version: ChromeDriver
remote stacktrace: Backtrace:
	Ordinal0 [0x00F65F73+2449267]
	Ordinal0 [0x00E98361+1606497]
	Ordinal0 [0x00D8F969+522601]
	Ordinal0 [0x00D205F3+67059]
	Ordinal0 [0x00D1CD92+52626]
	Ordinal0 [0x00D3C127+180519]
	Ordinal0 [0x00D3BF2D+180013]
	Ordinal0 [0x00D39E5B+171611]
	Ordinal0 [0x00D21DD8+73176]
	Ordinal0 [0x00D22E50+77392]
	Ordinal0 [0x00D22DE9+77289]
	Ordinal0 [0x00EAD8D7+1693911]
	GetHandleVerifier [0x01004036+522726]
	GetHandleVerifier [0x01003D74+522020]
	GetHandleVerifier [0x01019187+609079]
	GetHandleVerifier [0x010048A6+524886]
	Ordinal0 [0x00EA5CBC+1662140]
	Ordinal0 [0x00EAF23B+1700411]
	Ordinal0 [0x00EAF3A3+1700771]
	Ordinal0 [0x00EC5215+1790485]
	BaseThreadInitThunk [0x76126359+25]
	RtlGetAppContainerNamedObjectPath [0x77297C24+228]
	RtlGetAppContainerNamedObjectPath [0x77297BF4+180]

	at sun.reflect.NativeConstructorAccessorImpl.newInstance0(Native Method)
	at sun.reflect.NativeConstructorAccessorImpl.newInstance(NativeConstructorAccessorImpl.java:62)
	at sun.reflect.DelegatingConstructorAccessorImpl.newInstance(DelegatingConstructorAccessorImpl.java:45)
	at java.lang.reflect.Constructor.newInstance(Constructor.java:423)
	at org.openqa.selenium.remote.W3CHandshakeResponse.lambda$new$0(W3CHandshakeResponse.java:57)
	at org.openqa.selenium.remote.W3CHandshakeResponse.lambda$getResponseFunction$2(W3CHandshakeResponse.java:104)
	at org.openqa.selenium.remote.ProtocolHandshake.lambda$createSession$0(ProtocolHandshake.java:122)
	at java.util.stream.ReferencePipeline$3$1.accept(ReferencePipeline.java:193)
	at java.util.Spliterators$ArraySpliterator.tryAdvance(Spliterators.java:958)
	at java.util.stream.ReferencePipeline.forEachWithCancel(ReferencePipeline.java:126)
	at java.util.stream.AbstractPipeline.copyIntoWithCancel(AbstractPipeline.java:498)
	at java.util.stream.AbstractPipeline.copyInto(AbstractPipeline.java:485)
	at java.util.stream.AbstractPipeline.wrapAndCopyInto(AbstractPipeline.java:471)
	at java.util.stream.FindOps$FindOp.evaluateSequential(FindOps.java:152)
	at java.util.stream.AbstractPipeline.evaluate(AbstractPipeline.java:234)
	at java.util.stream.ReferencePipeline.findFirst(ReferencePipeline.java:464)
	at org.openqa.selenium.remote.ProtocolHandshake.createSession(ProtocolHandshake.java:125)
	at org.openqa.selenium.remote.ProtocolHandshake.createSession(ProtocolHandshake.java:73)
	at org.openqa.selenium.remote.HttpCommandExecutor.execute(HttpCommandExecutor.java:136)
	at org.openqa.selenium.remote.service.DriverCommandExecutor.execute(DriverCommandExecutor.java:83)
	at org.openqa.selenium.remote.RemoteWebDriver.execute(RemoteWebDriver.java:548)
	at org.openqa.selenium.remote.RemoteWebDriver.startSession(RemoteWebDriver.java:212)
	at org.openqa.selenium.remote.RemoteWebDriver.<init>(RemoteWebDriver.java:130)
	at org.openqa.selenium.chrome.ChromeDriver.<init>(ChromeDriver.java:181)
	at org.openqa.selenium.chrome.ChromeDriver.<init>(ChromeDriver.java:168)
	at org.openqa.selenium.chrome.ChromeDriver.<init>(ChromeDriver.java:123)
	at com.crm.qa.base.TestBase.InitializationDriver(TestBase.java:57)
	at com.crm.qa.testcases.LoginPageTest.launchURL(LoginPageTest.java:28)
	at sun.reflect.NativeMethodAccessorImpl.invoke0(Native Method)
	at sun.reflect.NativeMethodAccessorImpl.invoke(NativeMethodAccessorImpl.java:62)
	at sun.reflect.DelegatingMethodAccessorImpl.invoke(DelegatingMethodAccessorImpl.java:43)
	at java.lang.reflect.Method.invoke(Method.java:498)
	at org.testng.internal.MethodInvocationHelper.invokeMethod(MethodInvocationHelper.java:85)
	at org.testng.internal.Invoker.invokeConfigurationMethod(Invoker.java:510)
	at org.testng.internal.Invoker.invokeConfigurations(Invoker.java:211)
	at org.testng.internal.Invoker.invokeMethod(Invoker.java:585)
	at org.testng.internal.Invoker.invokeTestMethod(Invoker.java:816)
	at org.testng.internal.Invoker.invokeTestMethods(Invoker.java:1124)
	at org.testng.internal.TestMethodWorker.invokeTestMethods(TestMethodWorker.java:125)
	at org.testng.internal.TestMethodWorker.run(TestMethodWorker.java:108)
	at org.testng.TestRunner.privateRun(TestRunner.java:774)
	at org.testng.TestRunner.run(TestRunner.java:624)
	at org.testng.SuiteRunner.runTest(SuiteRunner.java:359)
	at org.testng.SuiteRunner.runSequentially(SuiteRunner.java:354)
	at org.testng.SuiteRunner.privateRun(SuiteRunner.java:312)
	at org.testng.SuiteRunner.run(SuiteRunner.java:261)
	at org.testng.SuiteRunnerWorker.runSuite(SuiteRunnerWorker.java:52)
	at org.testng.SuiteRunnerWorker.run(SuiteRunnerWorker.java:86)
	at org.testng.TestNG.runSuitesSequentially(TestNG.java:1191)
	at org.testng.TestNG.runSuitesLocally(TestNG.java:1116)
	at org.testng.TestNG.run(TestNG.java:1024)
	at org.testng.remote.AbstractRemoteTestNG.run(AbstractRemoteTestNG.java:126)
	at org.testng.remote.RemoteTestNG.initAndRun(RemoteTestNG.java:152)
	at org.testng.remote.RemoteTestNG.main(RemoteTestNG.java:57)
]]>
            </full-stacktrace>
          </exception> <!-- org.openqa.selenium.SessionNotCreatedException -->
          <reporter-output>
          </reporter-output>
        </test-method> <!-- launchURL -->
        <test-method status="SKIP" signature="loginTest(java.lang.String, java.lang.String)[pri:0, instance:com.crm.qa.testcases.LoginPageTest@42d80b78]" name="loginTest" duration-ms="2" started-at="2020-07-31T13:00:18Z" data-provider="getDataProvider" finished-at="2020-07-31T13:00:18Z">
          <params>
            <param index="0">
              <value>
                <![CDATA[manish003]]>
              </value>
            </param>
            <param index="1">
              <value>
                <![CDATA[bunty@003]]>
              </value>
            </param>
          </params>
          <reporter-output>
          </reporter-output>
        </test-method> <!-- loginTest -->
        <test-method status="SKIP" signature="tearDown()[pri:0, instance:com.crm.qa.testcases.LoginPageTest@42d80b78]" name="tearDown" is-config="true" duration-ms="0" started-at="2020-07-31T13:00:18Z" finished-at="2020-07-31T13:00:18Z">
          <reporter-output>
          </reporter-output>
        </test-method> <!-- tearDown -->
        <test-method status="SKIP" signature="launchURL()[pri:0, instance:com.crm.qa.testcases.LoginPageTest@42d80b78]" name="launchURL" is-config="true" duration-ms="0" started-at="2020-07-31T13:00:18Z" finished-at="2020-07-31T13:00:18Z">
          <reporter-output>
          </reporter-output>
        </test-method> <!-- launchURL -->
        <test-method status="SKIP" signature="loginPageTitleTest()[pri:1, instance:com.crm.qa.testcases.LoginPageTest@42d80b78]" name="loginPageTitleTest" duration-ms="2" started-at="2020-07-31T13:00:18Z" finished-at="2020-07-31T13:00:18Z">
          <reporter-output>
          </reporter-output>
        </test-method> <!-- loginPageTitleTest -->
        <test-method status="SKIP" signature="tearDown()[pri:0, instance:com.crm.qa.testcases.LoginPageTest@42d80b78]" name="tearDown" is-config="true" duration-ms="0" started-at="2020-07-31T13:00:18Z" finished-at="2020-07-31T13:00:18Z">
          <reporter-output>
          </reporter-output>
        </test-method> <!-- tearDown -->
        <test-method status="SKIP" signature="launchURL()[pri:0, instance:com.crm.qa.testcases.LoginPageTest@42d80b78]" name="launchURL" is-config="true" duration-ms="0" started-at="2020-07-31T13:00:18Z" finished-at="2020-07-31T13:00:18Z">
          <reporter-output>
          </reporter-output>
        </test-method> <!-- launchURL -->
        <test-method status="SKIP" signature="crmLogoImageTest()[pri:2, instance:com.crm.qa.testcases.LoginPageTest@42d80b78]" name="crmLogoImageTest" duration-ms="1" started-at="2020-07-31T13:00:18Z" finished-at="2020-07-31T13:00:18Z">
          <reporter-output>
          </reporter-output>
        </test-method> <!-- crmLogoImageTest -->
        <test-method status="SKIP" signature="tearDown()[pri:0, instance:com.crm.qa.testcases.LoginPageTest@42d80b78]" name="tearDown" is-config="true" duration-ms="0" started-at="2020-07-31T13:00:18Z" finished-at="2020-07-31T13:00:18Z">
          <reporter-output>
          </reporter-output>
        </test-method> <!-- tearDown -->
      </class> <!-- com.crm.qa.testcases.LoginPageTest -->
    </test> <!-- Default test -->
  </suite> <!-- Default suite -->
</testng-results>
